WARN  2018-02-26 17:41:21,509 (StunServiceImpl.java:420) received no response from STUN server stunserver.org/67.227.226.240:3478 at local address /10.96.65.144:0
ERROR 2018-02-26 17:41:32,326 (XMPPConnectionService.java:400)  new connection state == ERROR
gmail.com:5222 Exception: XMPPError connecting to gmail.com:5222.; : remote-server-error(502)
  -- caused by: XMPPError connecting to gmail.com:5222.: remote-server-error(502) XMPPError connecting to gmail.com:5222.
  -- caused by: java.net.ConnectException: Connection timed out: connect
	at org.jivesoftware.smack.XMPPConnection.connectUsingConfiguration(XMPPConnection.java:592)
	at org.jivesoftware.smack.XMPPConnection.connect(XMPPConnection.java:1010)
	at de.fu_berlin.inf.dpp.net.xmpp.XMPPConnectionService.connect(XMPPConnectionService.java:268)
	at de.fu_berlin.inf.dpp.communication.connection.ConnectionHandler.connectXMPPInternal(ConnectionHandler.java:332)
	at de.fu_berlin.inf.dpp.communication.connection.ConnectionHandler.connect(ConnectionHandler.java:190)
	at de.fu_berlin.inf.dpp.ui.wizards.AddXMPPAccountWizard$1.run(AddXMPPAccountWizard.java:125)
	at de.fu_berlin.inf.dpp.util.ThreadUtils$1.run(ThreadUtils.java:38)
	at java.lang.Thread.run(Unknown Source)
Nested Exception: 
XMPPError connecting to gmail.com:5222.: remote-server-error(502) XMPPError connecting to gmail.com:5222.
  -- caused by: java.net.ConnectException: Connection timed out: connect
	at org.jivesoftware.smack.XMPPConnection.connectUsingConfiguration(XMPPConnection.java:565)
	at org.jivesoftware.smack.XMPPConnection.connect(XMPPConnection.java:1010)
	at de.fu_berlin.inf.dpp.net.xmpp.XMPPConnectionService.connect(XMPPConnectionService.java:268)
	at de.fu_berlin.inf.dpp.communication.connection.ConnectionHandler.connectXMPPInternal(ConnectionHandler.java:332)
	at de.fu_berlin.inf.dpp.communication.connection.ConnectionHandler.connect(ConnectionHandler.java:190)
	at de.fu_berlin.inf.dpp.ui.wizards.AddXMPPAccountWizard$1.run(AddXMPPAccountWizard.java:125)
	at de.fu_berlin.inf.dpp.util.ThreadUtils$1.run(ThreadUtils.java:38)
	at java.lang.Thread.run(Unknown Source)
Nested Exception: 
java.net.ConnectException: Connection timed out: connect
	at java.net.DualStackPlainSocketImpl.connect0(Native Method)
	at java.net.DualStackPlainSocketImpl.socketConnect(Unknown Source)
	at java.net.AbstractPlainSocketImpl.doConnect(Unknown Source)
	at java.net.AbstractPlainSocketImpl.connectToAddress(Unknown Source)
	at java.net.AbstractPlainSocketImpl.connect(Unknown Source)
	at java.net.PlainSocketImpl.connect(Unknown Source)
	at java.net.Socket.connect(Unknown Source)
	at java.net.Socket.connect(Unknown Source)
	at org.jivesoftware.smack.proxy.DirectSocketFactory.createSocket(DirectSocketFactory.java:45)
	at org.jivesoftware.smack.XMPPConnection.connectUsingConfiguration(XMPPConnection.java:557)
	at org.jivesoftware.smack.XMPPConnection.connect(XMPPConnection.java:1010)
	at de.fu_berlin.inf.dpp.net.xmpp.XMPPConnectionService.connect(XMPPConnectionService.java:268)
	at de.fu_berlin.inf.dpp.communication.connection.ConnectionHandler.connectXMPPInternal(ConnectionHandler.java:332)
	at de.fu_berlin.inf.dpp.communication.connection.ConnectionHandler.connect(ConnectionHandler.java:190)
	at de.fu_berlin.inf.dpp.ui.wizards.AddXMPPAccountWizard$1.run(AddXMPPAccountWizard.java:125)
	at de.fu_berlin.inf.dpp.util.ThreadUtils$1.run(ThreadUtils.java:38)
	at java.lang.Thread.run(Unknown Source)
WARN  2018-02-26 17:42:03,905 (StunServiceImpl.java:420) received no response from STUN server stunserver.org/67.227.226.240:3478 at local address /10.96.65.144:0
WARN  2018-02-26 17:42:24,915 (DiscoveryManager.java:451) Service Discovery failed on recipient nathan.donaldsondrum@gmail.com/MessagingADF5D2EC059 server: xmpp.l.google.com
No response from the server.: 
	at org.jivesoftware.smackx.ServiceDiscoveryManager.discoverInfo(ServiceDiscoveryManager.java:534)
	at org.jivesoftware.smackx.ServiceDiscoveryManager.discoverInfo(ServiceDiscoveryManager.java:489)
	at de.fu_berlin.inf.dpp.net.xmpp.discovery.DiscoveryManager.performServiceDiscovery(DiscoveryManager.java:448)
	at de.fu_berlin.inf.dpp.net.xmpp.discovery.DiscoveryManager.queryFeatureSupport(DiscoveryManager.java:380)
	at de.fu_berlin.inf.dpp.net.xmpp.discovery.DiscoveryManager.access$3(DiscoveryManager.java:347)
	at de.fu_berlin.inf.dpp.net.xmpp.discovery.DiscoveryManager$2.run(DiscoveryManager.java:326)
	at de.fu_berlin.inf.dpp.util.ThreadUtils$1.run(ThreadUtils.java:38)
	at java.util.concurrent.ThreadPoolExecutor.runWorker(Unknown Source)
	at java.util.concurrent.ThreadPoolExecutor$Worker.run(Unknown Source)
	at java.lang.Thread.run(Unknown Source)
WARN  2018-02-26 17:42:54,925 (DiscoveryManager.java:451) Service Discovery failed on recipient bnagel25@gmail.com/MessagingAfc3ae4f9 server: xmpp.l.google.com
No response from the server.: 
	at org.jivesoftware.smackx.ServiceDiscoveryManager.discoverInfo(ServiceDiscoveryManager.java:534)
	at org.jivesoftware.smackx.ServiceDiscoveryManager.discoverInfo(ServiceDiscoveryManager.java:489)
	at de.fu_berlin.inf.dpp.net.xmpp.discovery.DiscoveryManager.performServiceDiscovery(DiscoveryManager.java:448)
	at de.fu_berlin.inf.dpp.net.xmpp.discovery.DiscoveryManager.queryFeatureSupport(DiscoveryManager.java:380)
	at de.fu_berlin.inf.dpp.net.xmpp.discovery.DiscoveryManager.access$3(DiscoveryManager.java:347)
	at de.fu_berlin.inf.dpp.net.xmpp.discovery.DiscoveryManager$2.run(DiscoveryManager.java:326)
	at de.fu_berlin.inf.dpp.util.ThreadUtils$1.run(ThreadUtils.java:38)
	at java.util.concurrent.ThreadPoolExecutor.runWorker(Unknown Source)
	at java.util.concurrent.ThreadPoolExecutor$Worker.run(Unknown Source)
	at java.lang.Thread.run(Unknown Source)
WARN  2018-02-26 17:56:46,680 (DiscoveryManager.java:451) Service Discovery failed on recipient bnagel25@gmail.com/MessagingAfc3ae4f9 server: xmpp.l.google.com
No response from the server.: 
	at org.jivesoftware.smackx.ServiceDiscoveryManager.discoverInfo(ServiceDiscoveryManager.java:534)
	at org.jivesoftware.smackx.ServiceDiscoveryManager.discoverInfo(ServiceDiscoveryManager.java:489)
	at de.fu_berlin.inf.dpp.net.xmpp.discovery.DiscoveryManager.performServiceDiscovery(DiscoveryManager.java:448)
	at de.fu_berlin.inf.dpp.net.xmpp.discovery.DiscoveryManager.queryFeatureSupport(DiscoveryManager.java:380)
	at de.fu_berlin.inf.dpp.net.xmpp.discovery.DiscoveryManager.access$3(DiscoveryManager.java:347)
	at de.fu_berlin.inf.dpp.net.xmpp.discovery.DiscoveryManager$2.run(DiscoveryManager.java:326)
	at de.fu_berlin.inf.dpp.util.ThreadUtils$1.run(ThreadUtils.java:38)
	at java.util.concurrent.ThreadPoolExecutor.runWorker(Unknown Source)
	at java.util.concurrent.ThreadPoolExecutor$Worker.run(Unknown Source)
	at java.lang.Thread.run(Unknown Source)
WARN  2018-02-26 17:47:59,623 (DiscoveryManager.java:451) Service Discovery failed on recipient bnagel25@gmail.com/messaging-lcsw_hangouts_BB33F419 server: xmpp.l.google.com
No response from the server.: 
	at org.jivesoftware.smackx.ServiceDiscoveryManager.discoverInfo(ServiceDiscoveryManager.java:534)
	at org.jivesoftware.smackx.ServiceDiscoveryManager.discoverInfo(ServiceDiscoveryManager.java:489)
	at de.fu_berlin.inf.dpp.net.xmpp.discovery.DiscoveryManager.performServiceDiscovery(DiscoveryManager.java:448)
	at de.fu_berlin.inf.dpp.net.xmpp.discovery.DiscoveryManager.queryFeatureSupport(DiscoveryManager.java:380)
	at de.fu_berlin.inf.dpp.net.xmpp.discovery.DiscoveryManager.access$3(DiscoveryManager.java:347)
	at de.fu_berlin.inf.dpp.net.xmpp.discovery.DiscoveryManager$2.run(DiscoveryManager.java:326)
	at de.fu_berlin.inf.dpp.util.ThreadUtils$1.run(ThreadUtils.java:38)
	at java.util.concurrent.ThreadPoolExecutor.runWorker(Unknown Source)
	at java.util.concurrent.ThreadPoolExecutor$Worker.run(Unknown Source)
	at java.lang.Thread.run(Unknown Source)
WARN  2018-02-26 17:48:29,659 (DiscoveryManager.java:451) Service Discovery failed on recipient bnagel25@gmail.com/messaging-lcsw_hangouts_BB33F419 server: xmpp.l.google.com
No response from the server.: 
	at org.jivesoftware.smackx.ServiceDiscoveryManager.discoverInfo(ServiceDiscoveryManager.java:534)
	at org.jivesoftware.smackx.ServiceDiscoveryManager.discoverInfo(ServiceDiscoveryManager.java:489)
	at de.fu_berlin.inf.dpp.net.xmpp.discovery.DiscoveryManager.performServiceDiscovery(DiscoveryManager.java:448)
	at de.fu_berlin.inf.dpp.net.xmpp.discovery.DiscoveryManager.queryFeatureSupport(DiscoveryManager.java:380)
	at de.fu_berlin.inf.dpp.net.xmpp.discovery.DiscoveryManager.access$3(DiscoveryManager.java:347)
	at de.fu_berlin.inf.dpp.net.xmpp.discovery.DiscoveryManager$2.run(DiscoveryManager.java:326)
	at de.fu_berlin.inf.dpp.util.ThreadUtils$1.run(ThreadUtils.java:38)
	at java.util.concurrent.ThreadPoolExecutor.runWorker(Unknown Source)
	at java.util.concurrent.ThreadPoolExecutor$Worker.run(Unknown Source)
	at java.lang.Thread.run(Unknown Source)
WARN  2018-02-26 18:01:53,559 (DiscoveryManager.java:451) Service Discovery failed on recipient bnagel25@gmail.com/messaging-lcsw_hangouts_BB33F419 server: xmpp.l.google.com
service-unavailable(503)
	at org.jivesoftware.smackx.ServiceDiscoveryManager.discoverInfo(ServiceDiscoveryManager.java:537)
	at org.jivesoftware.smackx.ServiceDiscoveryManager.discoverInfo(ServiceDiscoveryManager.java:489)
	at de.fu_berlin.inf.dpp.net.xmpp.discovery.DiscoveryManager.performServiceDiscovery(DiscoveryManager.java:448)
	at de.fu_berlin.inf.dpp.net.xmpp.discovery.DiscoveryManager.queryFeatureSupport(DiscoveryManager.java:380)
	at de.fu_berlin.inf.dpp.net.xmpp.discovery.DiscoveryManager.access$3(DiscoveryManager.java:347)
	at de.fu_berlin.inf.dpp.net.xmpp.discovery.DiscoveryManager$2.run(DiscoveryManager.java:326)
	at de.fu_berlin.inf.dpp.util.ThreadUtils$1.run(ThreadUtils.java:38)
	at java.util.concurrent.ThreadPoolExecutor.runWorker(Unknown Source)
	at java.util.concurrent.ThreadPoolExecutor$Worker.run(Unknown Source)
	at java.lang.Thread.run(Unknown Source)
ERROR 2018-02-26 17:55:37,762 (XMPPConnectionService.java:101) XMPP connection error: 
java.net.SocketTimeoutException: Read timed out
	at java.net.SocketInputStream.socketRead0(Native Method)
	at java.net.SocketInputStream.socketRead(Unknown Source)
	at java.net.SocketInputStream.read(Unknown Source)
	at java.net.SocketInputStream.read(Unknown Source)
	at sun.security.ssl.InputRecord.readFully(Unknown Source)
	at sun.security.ssl.InputRecord.read(Unknown Source)
	at sun.security.ssl.SSLSocketImpl.readRecord(Unknown Source)
	at sun.security.ssl.SSLSocketImpl.readDataRecord(Unknown Source)
	at sun.security.ssl.AppInputStream.read(Unknown Source)
	at sun.nio.cs.StreamDecoder.readBytes(Unknown Source)
	at sun.nio.cs.StreamDecoder.implRead(Unknown Source)
	at sun.nio.cs.StreamDecoder.read(Unknown Source)
	at java.io.InputStreamReader.read(Unknown Source)
	at java.io.BufferedReader.fill(Unknown Source)
	at java.io.BufferedReader.read1(Unknown Source)
	at java.io.BufferedReader.read(Unknown Source)
	at org.xmlpull.mxp1.MXParser.fillBuf(MXParser.java:2992)
	at org.xmlpull.mxp1.MXParser.more(MXParser.java:3046)
	at org.xmlpull.mxp1.MXParser.nextImpl(MXParser.java:1144)
	at org.xmlpull.mxp1.MXParser.next(MXParser.java:1093)
	at org.jivesoftware.smack.PacketReader.parsePackets(PacketReader.java:312)
	at org.jivesoftware.smack.PacketReader.access$000(PacketReader.java:48)
	at org.jivesoftware.smack.PacketReader$1.run(PacketReader.java:76)
ERROR 2018-02-26 17:55:37,796 (XMPPConnectionService.java:400)  new connection state == ERROR
java.net.SocketTimeoutException: Read timed out
	at java.net.SocketInputStream.socketRead0(Native Method)
	at java.net.SocketInputStream.socketRead(Unknown Source)
	at java.net.SocketInputStream.read(Unknown Source)
	at java.net.SocketInputStream.read(Unknown Source)
	at sun.security.ssl.InputRecord.readFully(Unknown Source)
	at sun.security.ssl.InputRecord.read(Unknown Source)
	at sun.security.ssl.SSLSocketImpl.readRecord(Unknown Source)
	at sun.security.ssl.SSLSocketImpl.readDataRecord(Unknown Source)
	at sun.security.ssl.AppInputStream.read(Unknown Source)
	at sun.nio.cs.StreamDecoder.readBytes(Unknown Source)
	at sun.nio.cs.StreamDecoder.implRead(Unknown Source)
	at sun.nio.cs.StreamDecoder.read(Unknown Source)
	at java.io.InputStreamReader.read(Unknown Source)
	at java.io.BufferedReader.fill(Unknown Source)
	at java.io.BufferedReader.read1(Unknown Source)
	at java.io.BufferedReader.read(Unknown Source)
	at org.xmlpull.mxp1.MXParser.fillBuf(MXParser.java:2992)
	at org.xmlpull.mxp1.MXParser.more(MXParser.java:3046)
	at org.xmlpull.mxp1.MXParser.nextImpl(MXParser.java:1144)
	at org.xmlpull.mxp1.MXParser.next(MXParser.java:1093)
	at org.jivesoftware.smack.PacketReader.parsePackets(PacketReader.java:312)
	at org.jivesoftware.smack.PacketReader.access$000(PacketReader.java:48)
	at org.jivesoftware.smack.PacketReader$1.run(PacketReader.java:76)
