This is pdfTeX, Version 3.14159265-2.6-1.40.19 (MiKTeX 2.9.6840 64-bit) (preloaded format=pdflatex 2018.11.19)  17 DEC 2018 21:37
entering extended mode
**./document.tex
(document.tex
LaTeX2e <2018-04-01> patch level 5
(IEEEtran.cls
Document Class: IEEEtran 2015/08/26 V1.8b by Michael Shell
-- See the "IEEEtran_HOWTO" manual for usage information.
-- http://www.michaelshell.org/tex/ieeetran/
\@IEEEtrantmpdimenA=\dimen102
\@IEEEtrantmpdimenB=\dimen103
\@IEEEtrantmpdimenC=\dimen104
\@IEEEtrantmpcountA=\count80
\@IEEEtrantmpcountB=\count81
\@IEEEtrantmpcountC=\count82
\@IEEEtrantmptoksA=\toks14
LaTeX Font Info:    Try loading font information for OT1+ptm on input line 503.


("C:\Users\teveri_server\AppData\Local\Programs\MiKTeX 2.9\tex\latex\psnfss\ot1
ptm.fd"
File: ot1ptm.fd 2001/06/04 font definitions for OT1/ptm.
)
-- Using 8.5in x 11in (letter) paper.
-- Using PDF output.
\@IEEEnormalsizeunitybaselineskip=\dimen105
-- This is a 10 point document.
\CLASSINFOnormalsizebaselineskip=\dimen106
\CLASSINFOnormalsizeunitybaselineskip=\dimen107
\IEEEnormaljot=\dimen108
LaTeX Font Info:    Font shape `OT1/ptm/bx/n' in size <5> not available
(Font)              Font shape `OT1/ptm/b/n' tried instead on input line 1090.
LaTeX Font Info:    Font shape `OT1/ptm/bx/it' in size <5> not available
(Font)              Font shape `OT1/ptm/b/it' tried instead on input line 1090.

LaTeX Font Info:    Font shape `OT1/ptm/bx/n' in size <7> not available
(Font)              Font shape `OT1/ptm/b/n' tried instead on input line 1090.
LaTeX Font Info:    Font shape `OT1/ptm/bx/it' in size <7> not available
(Font)              Font shape `OT1/ptm/b/it' tried instead on input line 1090.

LaTeX Font Info:    Font shape `OT1/ptm/bx/n' in size <8> not available
(Font)              Font shape `OT1/ptm/b/n' tried instead on input line 1090.
LaTeX Font Info:    Font shape `OT1/ptm/bx/it' in size <8> not available
(Font)              Font shape `OT1/ptm/b/it' tried instead on input line 1090.

LaTeX Font Info:    Font shape `OT1/ptm/bx/n' in size <9> not available
(Font)              Font shape `OT1/ptm/b/n' tried instead on input line 1090.
LaTeX Font Info:    Font shape `OT1/ptm/bx/it' in size <9> not available
(Font)              Font shape `OT1/ptm/b/it' tried instead on input line 1090.

LaTeX Font Info:    Font shape `OT1/ptm/bx/n' in size <10> not available
(Font)              Font shape `OT1/ptm/b/n' tried instead on input line 1090.
LaTeX Font Info:    Font shape `OT1/ptm/bx/it' in size <10> not available
(Font)              Font shape `OT1/ptm/b/it' tried instead on input line 1090.

LaTeX Font Info:    Font shape `OT1/ptm/bx/n' in size <11> not available
(Font)              Font shape `OT1/ptm/b/n' tried instead on input line 1090.
LaTeX Font Info:    Font shape `OT1/ptm/bx/it' in size <11> not available
(Font)              Font shape `OT1/ptm/b/it' tried instead on input line 1090.

LaTeX Font Info:    Font shape `OT1/ptm/bx/n' in size <12> not available
(Font)              Font shape `OT1/ptm/b/n' tried instead on input line 1090.
LaTeX Font Info:    Font shape `OT1/ptm/bx/it' in size <12> not available
(Font)              Font shape `OT1/ptm/b/it' tried instead on input line 1090.

LaTeX Font Info:    Font shape `OT1/ptm/bx/n' in size <17> not available
(Font)              Font shape `OT1/ptm/b/n' tried instead on input line 1090.
LaTeX Font Info:    Font shape `OT1/ptm/bx/it' in size <17> not available
(Font)              Font shape `OT1/ptm/b/it' tried instead on input line 1090.

LaTeX Font Info:    Font shape `OT1/ptm/bx/n' in size <20> not available
(Font)              Font shape `OT1/ptm/b/n' tried instead on input line 1090.
LaTeX Font Info:    Font shape `OT1/ptm/bx/it' in size <20> not available
(Font)              Font shape `OT1/ptm/b/it' tried instead on input line 1090.

LaTeX Font Info:    Font shape `OT1/ptm/bx/n' in size <24> not available
(Font)              Font shape `OT1/ptm/b/n' tried instead on input line 1090.
LaTeX Font Info:    Font shape `OT1/ptm/bx/it' in size <24> not available
(Font)              Font shape `OT1/ptm/b/it' tried instead on input line 1090.

\IEEEquantizedlength=\dimen109
\IEEEquantizedlengthdiff=\dimen110
\IEEEquantizedtextheightdiff=\dimen111
\IEEEilabelindentA=\dimen112
\IEEEilabelindentB=\dimen113
\IEEEilabelindent=\dimen114
\IEEEelabelindent=\dimen115
\IEEEdlabelindent=\dimen116
\IEEElabelindent=\dimen117
\IEEEiednormlabelsep=\dimen118
\IEEEiedmathlabelsep=\dimen119
\IEEEiedtopsep=\skip41
\c@section=\count83
\c@subsection=\count84
\c@subsubsection=\count85
\c@paragraph=\count86
\c@IEEEsubequation=\count87
\abovecaptionskip=\skip42
\belowcaptionskip=\skip43
\c@figure=\count88
\c@table=\count89
\@IEEEeqnnumcols=\count90
\@IEEEeqncolcnt=\count91
\@IEEEsubeqnnumrollback=\count92
\@IEEEquantizeheightA=\dimen120
\@IEEEquantizeheightB=\dimen121
\@IEEEquantizeheightC=\dimen122
\@IEEEquantizeprevdepth=\dimen123
\@IEEEquantizemultiple=\count93
\@IEEEquantizeboxA=\box26
\@IEEEtmpitemindent=\dimen124
\IEEEPARstartletwidth=\dimen125
\c@IEEEbiography=\count94
\@IEEEtranrubishbin=\box27
)
("C:\Users\teveri_server\AppData\Local\Programs\MiKTeX 2.9\tex\latex\url\url.st
y"
\Urlmuskip=\muskip10
Package: url 2013/09/16  ver 3.4  Verb mode for urls, etc.
)
("C:\Users\teveri_server\AppData\Local\Programs\MiKTeX 2.9\tex\latex\graphics\g
raphicx.sty"
Package: graphicx 2017/06/01 v1.1a Enhanced LaTeX Graphics (DPC,SPQR)

("C:\Users\teveri_server\AppData\Local\Programs\MiKTeX 2.9\tex\latex\graphics\k
eyval.sty"
Package: keyval 2014/10/28 v1.15 key=value parser (DPC)
\KV@toks@=\toks15
)
("C:\Users\teveri_server\AppData\Local\Programs\MiKTeX 2.9\tex\latex\graphics\g
raphics.sty"
Package: graphics 2017/06/25 v1.2c Standard LaTeX Graphics (DPC,SPQR)

("C:\Users\teveri_server\AppData\Local\Programs\MiKTeX 2.9\tex\latex\graphics\t
rig.sty"
Package: trig 2016/01/03 v1.10 sin cos tan (DPC)
)
("C:\Users\teveri_server\AppData\Local\Programs\MiKTeX 2.9\tex\latex\graphics-c
fg\graphics.cfg"
File: graphics.cfg 2016/06/04 v1.11 sample graphics configuration
)
Package graphics Info: Driver file: pdftex.def on input line 99.

("C:\Users\teveri_server\AppData\Local\Programs\MiKTeX 2.9\tex\latex\graphics-d
ef\pdftex.def"
File: pdftex.def 2018/01/08 v1.0l Graphics/color driver for pdftex
))
\Gin@req@height=\dimen126
\Gin@req@width=\dimen127
)
("C:\Users\teveri_server\AppData\Local\Programs\MiKTeX 2.9\tex\latex\hyperref\h
yperref.sty"
Package: hyperref 2018/09/30 v6.88a Hypertext links for LaTeX

("C:\Users\teveri_server\AppData\Local\Programs\MiKTeX 2.9\tex\generic\oberdiek
\hobsub-hyperref.sty"
Package: hobsub-hyperref 2016/05/16 v1.14 Bundle oberdiek, subset hyperref (HO)


("C:\Users\teveri_server\AppData\Local\Programs\MiKTeX 2.9\tex\generic\oberdiek
\hobsub-generic.sty"
Package: hobsub-generic 2016/05/16 v1.14 Bundle oberdiek, subset generic (HO)
Package: hobsub 2016/05/16 v1.14 Construct package bundles (HO)
Package: infwarerr 2016/05/16 v1.4 Providing info/warning/error messages (HO)
Package: ltxcmds 2016/05/16 v1.23 LaTeX kernel commands for general use (HO)
Package: ifluatex 2016/05/16 v1.4 Provides the ifluatex switch (HO)
Package ifluatex Info: LuaTeX not detected.
Package: ifvtex 2016/05/16 v1.6 Detect VTeX and its facilities (HO)
Package ifvtex Info: VTeX not detected.
Package: intcalc 2016/05/16 v1.2 Expandable calculations with integers (HO)
Package: ifpdf 2018/09/07 v3.3 Provides the ifpdf switch
Package: etexcmds 2016/05/16 v1.6 Avoid name clashes with e-TeX commands (HO)
Package etexcmds Info: Could not find \expanded.
(etexcmds)             That can mean that you are not using pdfTeX 1.50 or
(etexcmds)             that some package has redefined \expanded.
(etexcmds)             In the latter case, load this package earlier.
Package: kvsetkeys 2016/05/16 v1.17 Key value parser (HO)
Package: kvdefinekeys 2016/05/16 v1.4 Define keys (HO)
Package: pdftexcmds 2018/09/10 v0.29 Utility functions of pdfTeX for LuaTeX (HO
)
Package pdftexcmds Info: LuaTeX not detected.
Package pdftexcmds Info: \pdf@primitive is available.
Package pdftexcmds Info: \pdf@ifprimitive is available.
Package pdftexcmds Info: \pdfdraftmode found.
Package: pdfescape 2016/05/16 v1.14 Implements pdfTeX's escape features (HO)
Package: bigintcalc 2016/05/16 v1.4 Expandable calculations on big integers (HO
)
Package: bitset 2016/05/16 v1.2 Handle bit-vector datatype (HO)
Package: uniquecounter 2016/05/16 v1.3 Provide unlimited unique counter (HO)
)
Package hobsub Info: Skipping package `hobsub' (already loaded).
Package: letltxmacro 2016/05/16 v1.5 Let assignment for LaTeX macros (HO)
Package: hopatch 2016/05/16 v1.3 Wrapper for package hooks (HO)
Package: xcolor-patch 2016/05/16 xcolor patch
Package: atveryend 2016/05/16 v1.9 Hooks at the very end of document (HO)
Package atveryend Info: \enddocument detected (standard20110627).
Package: atbegshi 2016/06/09 v1.18 At begin shipout hook (HO)
Package: refcount 2016/05/16 v3.5 Data extraction from label references (HO)
Package: hycolor 2016/05/16 v1.8 Color options for hyperref/bookmark (HO)
)
("C:\Users\teveri_server\AppData\Local\Programs\MiKTeX 2.9\tex\generic\ifxetex\
ifxetex.sty"
Package: ifxetex 2010/09/12 v0.6 Provides ifxetex conditional
)
("C:\Users\teveri_server\AppData\Local\Programs\MiKTeX 2.9\tex\latex\oberdiek\a
uxhook.sty"
Package: auxhook 2016/05/16 v1.4 Hooks for auxiliary files (HO)
)
("C:\Users\teveri_server\AppData\Local\Programs\MiKTeX 2.9\tex\latex\oberdiek\k
voptions.sty"
Package: kvoptions 2016/05/16 v3.12 Key value format for package options (HO)
)
\@linkdim=\dimen128
\Hy@linkcounter=\count95
\Hy@pagecounter=\count96

("C:\Users\teveri_server\AppData\Local\Programs\MiKTeX 2.9\tex\latex\hyperref\p
d1enc.def"
File: pd1enc.def 2018/09/30 v6.88a Hyperref: PDFDocEncoding definition (HO)
Now handling font encoding PD1 ...
... no UTF-8 mapping file for font encoding PD1
)
\Hy@SavedSpaceFactor=\count97

("C:\Users\teveri_server\AppData\Local\Programs\MiKTeX 2.9\tex\latex\00miktex\h
yperref.cfg"
File: hyperref.cfg 2002/06/06 v1.2 hyperref configuration of TeXLive
)
Package hyperref Info: Hyper figures OFF on input line 4535.
Package hyperref Info: Link nesting OFF on input line 4540.
Package hyperref Info: Hyper index ON on input line 4543.
Package hyperref Info: Plain pages OFF on input line 4550.
Package hyperref Info: Backreferencing OFF on input line 4555.
Package hyperref Info: Implicit mode ON; LaTeX internals redefined.
Package hyperref Info: Bookmarks ON on input line 4788.
\c@Hy@tempcnt=\count98
LaTeX Info: Redefining \url on input line 5141.
\XeTeXLinkMargin=\dimen129
\Fld@menulength=\count99
\Field@Width=\dimen130
\Fld@charsize=\dimen131
Package hyperref Info: Hyper figures OFF on input line 6396.
Package hyperref Info: Link nesting OFF on input line 6401.
Package hyperref Info: Hyper index ON on input line 6404.
Package hyperref Info: backreferencing OFF on input line 6411.
Package hyperref Info: Link coloring OFF on input line 6416.
Package hyperref Info: Link coloring with OCG OFF on input line 6421.
Package hyperref Info: PDF/A mode OFF on input line 6426.
LaTeX Info: Redefining \ref on input line 6466.
LaTeX Info: Redefining \pageref on input line 6470.
\Hy@abspage=\count100
\c@Item=\count101
\c@Hfootnote=\count102
)
Package hyperref Info: Driver (autodetected): hpdftex.

("C:\Users\teveri_server\AppData\Local\Programs\MiKTeX 2.9\tex\latex\hyperref\h
pdftex.def"
File: hpdftex.def 2018/09/30 v6.88a Hyperref driver for pdfTeX
\Fld@listcount=\count103
\c@bookmark@seq@number=\count104

("C:\Users\teveri_server\AppData\Local\Programs\MiKTeX 2.9\tex\latex\oberdiek\r
erunfilecheck.sty"
Package: rerunfilecheck 2016/05/16 v1.8 Rerun checks for auxiliary files (HO)
Package uniquecounter Info: New unique counter `rerunfilecheck' on input line 2
82.
)
\Hy@SectionHShift=\skip44
)
("C:\Users\teveri_server\AppData\Local\Programs\MiKTeX 2.9\tex\latex\listings\l
istings.sty"
\lst@mode=\count105
\lst@gtempboxa=\box28
\lst@token=\toks16
\lst@length=\count106
\lst@currlwidth=\dimen132
\lst@column=\count107
\lst@pos=\count108
\lst@lostspace=\dimen133
\lst@width=\dimen134
\lst@newlines=\count109
\lst@lineno=\count110
\lst@maxwidth=\dimen135

("C:\Users\teveri_server\AppData\Local\Programs\MiKTeX 2.9\tex\latex\listings\l
stmisc.sty"
File: lstmisc.sty 2018/09/02 1.7 (Carsten Heinz)
\c@lstnumber=\count111
\lst@skipnumbers=\count112
\lst@framebox=\box29
)
("C:\Users\teveri_server\AppData\Local\Programs\MiKTeX 2.9\tex\latex\listings\l
istings.cfg"
File: listings.cfg 2018/09/02 1.7 listings configuration
))
Package: listings 2018/09/02 1.7 (Carsten Heinz)

("C:\Users\teveri_server\AppData\Local\Programs\MiKTeX 2.9\tex\latex\graphics\c
olor.sty"
Package: color 2016/07/10 v1.1e Standard LaTeX Color (DPC)

("C:\Users\teveri_server\AppData\Local\Programs\MiKTeX 2.9\tex\latex\graphics-c
fg\color.cfg"
File: color.cfg 2016/01/02 v1.6 sample color configuration
)
Package color Info: Driver file: pdftex.def on input line 147.
)
("C:\Users\teveri_server\AppData\Local\Programs\MiKTeX 2.9\tex\latex\listings\l
stlang1.sty"
File: lstlang1.sty 2018/09/02 1.7 listings language file
) (document.aux)
\openout1 = `document.aux'.

LaTeX Font Info:    Checking defaults for OML/cmm/m/it on input line 110.
LaTeX Font Info:    ... okay on input line 110.
LaTeX Font Info:    Checking defaults for T1/cmr/m/n on input line 110.
LaTeX Font Info:    ... okay on input line 110.
LaTeX Font Info:    Checking defaults for OT1/cmr/m/n on input line 110.
LaTeX Font Info:    ... okay on input line 110.
LaTeX Font Info:    Checking defaults for OMS/cmsy/m/n on input line 110.
LaTeX Font Info:    ... okay on input line 110.
LaTeX Font Info:    Checking defaults for OMX/cmex/m/n on input line 110.
LaTeX Font Info:    ... okay on input line 110.
LaTeX Font Info:    Checking defaults for U/cmr/m/n on input line 110.
LaTeX Font Info:    ... okay on input line 110.
LaTeX Font Info:    Checking defaults for PD1/pdf/m/n on input line 110.
LaTeX Font Info:    ... okay on input line 110.

-- Lines per column: 56 (exact).

("C:\Users\teveri_server\AppData\Local\Programs\MiKTeX 2.9\tex\context\base\sup
p-pdf.mkii"
[Loading MPS to PDF converter (version 2006.09.02).]
\scratchcounter=\count113
\scratchdimen=\dimen136
\scratchbox=\box30
\nofMPsegments=\count114
\nofMParguments=\count115
\everyMPshowfont=\toks17
\MPscratchCnt=\count116
\MPscratchDim=\dimen137
\MPnumerator=\count117
\makeMPintoPDFobject=\count118
\everyMPtoPDFconversion=\toks18
)
("C:\Users\teveri_server\AppData\Local\Programs\MiKTeX 2.9\tex\latex\oberdiek\e
pstopdf-base.sty"
Package: epstopdf-base 2016/05/15 v2.6 Base part for package epstopdf

("C:\Users\teveri_server\AppData\Local\Programs\MiKTeX 2.9\tex\latex\oberdiek\g
rfext.sty"
Package: grfext 2016/05/16 v1.2 Manage graphics extensions (HO)
)
Package epstopdf-base Info: Redefining graphics rule for `.eps' on input line 4
38.
Package grfext Info: Graphics extension search list:
(grfext)             [.pdf,.png,.jpg,.mps,.jpeg,.jbig2,.jb2,.PDF,.PNG,.JPG,.JPE
G,.JBIG2,.JB2,.eps]
(grfext)             \AppendGraphicsExtensions on input line 456.
)
\AtBeginShipoutBox=\box31
Package hyperref Info: Link coloring OFF on input line 110.

("C:\Users\teveri_server\AppData\Local\Programs\MiKTeX 2.9\tex\latex\hyperref\n
ameref.sty"
Package: nameref 2016/05/21 v2.44 Cross-referencing by name of section

("C:\Users\teveri_server\AppData\Local\Programs\MiKTeX 2.9\tex\generic\oberdiek
\gettitlestring.sty"
Package: gettitlestring 2016/05/16 v1.5 Cleanup title references (HO)
)
\c@section@level=\count119
)
LaTeX Info: Redefining \ref on input line 110.
LaTeX Info: Redefining \pageref on input line 110.
LaTeX Info: Redefining \nameref on input line 110.
 (document.out) (document.out)
\@outlinefile=\write3
\openout3 = `document.out'.

\c@lstlisting=\count120
LaTeX Font Info:    Calculating math sizes for size <11> on input line 148.
LaTeX Font Info:    External font `cmex10' loaded for size
(Font)              <11> on input line 148.
LaTeX Font Info:    External font `cmex10' loaded for size
(Font)              <7.69997> on input line 148.
LaTeX Font Info:    External font `cmex10' loaded for size
(Font)              <5.5> on input line 148.
 [1{C:/Users/teveri_server/AppData/Local/MiKTeX/2.9/pdftex/config/pdftex.map}


]
<render.png, id=105, 437.38406pt x 537.50812pt>
File: render.png Graphic file (type png)
<use render.png>
Package pdftex.def Info: render.png  used on input line 284.
(pdftex.def)             Requested size: 453.60077pt x 557.44514pt.
<chuteAndTamper.jpg, id=107, 3035.34pt x 4047.12pt>
File: chuteAndTamper.jpg Graphic file (type jpg)
<use chuteAndTamper.jpg>
Package pdftex.def Info: chuteAndTamper.jpg  used on input line 304.
(pdftex.def)             Requested size: 252.0pt x 335.94176pt.
<fullSystem.jpg, id=108, 1759.32281pt x 2211.76312pt>
File: fullSystem.jpg Graphic file (type jpg)
<use fullSystem.jpg>
Package pdftex.def Info: fullSystem.jpg  used on input line 322.
(pdftex.def)             Requested size: 453.60077pt x 570.25253pt.
 [2] [3 <./render.png>]
Underfull \vbox (badness 3930) has occurred while \output is active []

<ThermoAmp.png, id=122, 957.5775pt x 733.74126pt>
File: ThermoAmp.png Graphic file (type png)
<use ThermoAmp.png>
Package pdftex.def Info: ThermoAmp.png  used on input line 403.
(pdftex.def)             Requested size: 453.60077pt x 347.56787pt.
 [4 <./chuteAndTamper.jpg>] [5 <./fullSystem.jpg>]
Underfull \vbox (badness 4699) has occurred while \output is active []

LaTeX Font Info:    External font `cmex10' loaded for size
(Font)              <7> on input line 482.
LaTeX Font Info:    External font `cmex10' loaded for size
(Font)              <5> on input line 482.

Underfull \hbox (badness 2245) in paragraph at lines 464--482
\OT1/ptm/m/n/10 as well. Within the an-droid ap-pli-ca-tion it-self, we use
 []


Underfull \hbox (badness 10000) in paragraph at lines 464--482

 []


Underfull \hbox (badness 10000) in paragraph at lines 464--482

 []

[6 <./ThermoAmp.png>]
Underfull \hbox (badness 10000) in paragraph at lines 492--493

 []


Underfull \hbox (badness 10000) in paragraph at lines 494--496

 []

[7]

! LaTeX Error: Environment subfigure undefined.

See the LaTeX manual or LaTeX Companion for explanation.
Type  H <return>  for immediate help.
 ...                                              
                                                  
l.611     \begin{subfigure}
                           
Your command was ignored.
Type  I <command> <return>  to replace it with another command,
or  <return>  to continue without it.


! LaTeX Error: File `mainmenu' not found.

See the LaTeX manual or LaTeX Companion for explanation.
Type  H <return>  for immediate help.
 ...                                              
                                                  
l.612 ...degraphics[width=1\columnwidth]{mainmenu}
                                                  
I could not locate the file with any of these extensions:
.pdf,.png,.jpg,.mps,.jpeg,.jbig2,.jb2,.PDF,.PNG,.JPG,.JPEG,.JBIG2,.JB2,.eps
Try typing  <return>  to proceed.
If that doesn't work, type  X <return>  to quit.


! LaTeX Error: \begin{figure} on input line 610 ended by \end{subfigure}.

See the LaTeX manual or LaTeX Companion for explanation.
Type  H <return>  for immediate help.
 ...                                              
                                                  
l.613     \end{subfigure}
                         
Your command was ignored.
Type  I <command> <return>  to replace it with another command,
or  <return>  to continue without it.


! LaTeX Error: Environment subfigure undefined.

See the LaTeX manual or LaTeX Companion for explanation.
Type  H <return>  for immediate help.
 ...                                              
                                                  
l.615     \begin{subfigure}
                           
Your command was ignored.
Type  I <command> <return>  to replace it with another command,
or  <return>  to continue without it.

<login.png, id=147, 960.58875pt x 506.89375pt>
File: login.png Graphic file (type png)
<use login.png>
Package pdftex.def Info: login.png  used on input line 616.
(pdftex.def)             Requested size: 252.0pt x 132.97266pt.

! LaTeX Error: \begin{figure} on input line 610 ended by \end{subfigure}.

See the LaTeX manual or LaTeX Companion for explanation.
Type  H <return>  for immediate help.
 ...                                              
                                                  
l.617     \end{subfigure}
                         
Your command was ignored.
Type  I <command> <return>  to replace it with another command,
or  <return>  to continue without it.


Overfull \hbox (23.4262pt too wide) in paragraph at lines 612--618
[][]     []
 []


Underfull \hbox (badness 10000) in paragraph at lines 612--618

 []


! LaTeX Error: Environment subfigure undefined.

See the LaTeX manual or LaTeX Companion for explanation.
Type  H <return>  for immediate help.
 ...                                              
                                                  
l.629 \begin{subfigure}
                       
Your command was ignored.
Type  I <command> <return>  to replace it with another command,
or  <return>  to continue without it.

<deviceSelection.png, id=148, 1086.0575pt x 651.43375pt>
File: deviceSelection.png Graphic file (type png)
<use deviceSelection.png>
Package pdftex.def Info: deviceSelection.png  used on input line 630.
(pdftex.def)             Requested size: 252.0pt x 151.14864pt.

! LaTeX Error: \begin{figure} on input line 628 ended by \end{subfigure}.

See the LaTeX manual or LaTeX Companion for explanation.
Type  H <return>  for immediate help.
 ...                                              
                                                  
l.631 \end{subfigure}
                     
Your command was ignored.
Type  I <command> <return>  to replace it with another command,
or  <return>  to continue without it.


Underfull \hbox (badness 10000) in paragraph at lines 630--632

 []


! LaTeX Error: Environment subfigure undefined.

See the LaTeX manual or LaTeX Companion for explanation.
Type  H <return>  for immediate help.
 ...                                              
                                                  
l.636     \begin{subfigure}
                           
Your command was ignored.
Type  I <command> <return>  to replace it with another command,
or  <return>  to continue without it.

<brew.png, id=149, 751.80875pt x 450.68375pt>
File: brew.png Graphic file (type png)
<use brew.png>
Package pdftex.def Info: brew.png  used on input line 637.
(pdftex.def)             Requested size: 252.0pt x 151.06422pt.

! LaTeX Error: \begin{figure} on input line 635 ended by \end{subfigure}.

See the LaTeX manual or LaTeX Companion for explanation.
Type  H <return>  for immediate help.
 ...                                              
                                                  
l.638     \end{subfigure}
                         
Your command was ignored.
Type  I <command> <return>  to replace it with another command,
or  <return>  to continue without it.


! LaTeX Error: Environment subfigure undefined.

See the LaTeX manual or LaTeX Companion for explanation.
Type  H <return>  for immediate help.
 ...                                              
                                                  
l.640     \begin{subfigure}
                           
Your command was ignored.
Type  I <command> <return>  to replace it with another command,
or  <return>  to continue without it.


! LaTeX Error: File `favorites' not found.

See the LaTeX manual or LaTeX Companion for explanation.
Type  H <return>  for immediate help.
 ...                                              
                                                  
l.641 ...graphics[width=1\columnwidth]{favorites}}
                                                  
I could not locate the file with any of these extensions:
.pdf,.png,.jpg,.mps,.jpeg,.jbig2,.jb2,.PDF,.PNG,.JPG,.JPEG,.JBIG2,.JB2,.eps
Try typing  <return>  to proceed.
If that doesn't work, type  X <return>  to quit.


! LaTeX Error: \begin{figure} on input line 635 ended by \end{subfigure}.

See the LaTeX manual or LaTeX Companion for explanation.
Type  H <return>  for immediate help.
 ...                                              
                                                  
l.642     \end{subfigure}
                         
Your command was ignored.
Type  I <command> <return>  to replace it with another command,
or  <return>  to continue without it.

[8 <./login.png> <./deviceSelection.png> <./brew.png>]
Underfull \hbox (badness 10000) in paragraph at lines 765--767
[][]\OT1/ptm/m/n/10 Arduino Code - []$https : / / github . com / pabstaaron /
 []


Underfull \hbox (badness 10000) in paragraph at lines 767--769
[][]\OT1/ptm/m/n/10 Android Code - []$https : / / github . com / pabstaaron /
 []


Underfull \hbox (badness 10000) in paragraph at lines 769--771
[][]\OT1/ptm/m/n/10 Web Page Code - []$https : / / github . com / pabstaaron /
 []


Underfull \hbox (badness 10000) in paragraph at lines 771--773
[][]\OT1/ptm/m/n/10 Flask Code - []$https : / / github . com / pabstaaron /
 []

(document.bbl
LaTeX Font Info:    External font `cmex10' loaded for size
(Font)              <8> on input line 27.
LaTeX Font Info:    External font `cmex10' loaded for size
(Font)              <6> on input line 27.
)

** Conference Paper **
Before submitting the final camera ready copy, remember to:

 1. Manually equalize the lengths of two columns on the last page
 of your paper;

 2. Ensure that any PostScript and/or PDF output post-processing
 uses only Type 1 fonts and that every step in the generation
 process uses the appropriate paper size.

Package atveryend Info: Empty hook `BeforeClearDocument' on input line 810.
[9]
Package atveryend Info: Empty hook `AfterLastShipout' on input line 810.
 (document.aux)
Package atveryend Info: Executing hook `AtVeryEndDocument' on input line 810.
Package atveryend Info: Executing hook `AtEndAfterFileList' on input line 810.
Package rerunfilecheck Info: File `document.out' has not changed.
(rerunfilecheck)             Checksum: 962568DE9509BE7BCE8CEB9336E79DC6;1497.
Package atveryend Info: Empty hook `AtVeryVeryEnd' on input line 810.
 ) 
Here is how much of TeX's memory you used:
 7342 strings out of 492970
 114912 string characters out of 3123041
 403629 words of memory out of 3000000
 11108 multiletter control sequences out of 15000+200000
 37989 words of font info for 73 fonts, out of 3000000 for 9000
 1144 hyphenation exceptions out of 8191
 31i,9n,40p,1601b,445s stack positions out of 5000i,500n,10000p,200000b,50000s
{C:/Users/teveri_server/AppData/Local/Programs/MiKTeX 2.9/fonts/enc/dvips/bas
e/8r.enc}<C:/Users/teveri_server/AppData/Local/Programs/MiKTeX 2.9/fonts/type1/
public/amsfonts/cm/cmsy7.pfb><C:/Users/teveri_server/AppData/Local/Programs/MiK
TeX 2.9/fonts/type1/urw/times/utmb8a.pfb><C:/Users/teveri_server/AppData/Local/
Programs/MiKTeX 2.9/fonts/type1/urw/times/utmbi8a.pfb><C:/Users/teveri_server/A
ppData/Local/Programs/MiKTeX 2.9/fonts/type1/urw/times/utmr8a.pfb><C:/Users/tev
eri_server/AppData/Local/Programs/MiKTeX 2.9/fonts/type1/urw/times/utmri8a.pfb>

Output written on document.pdf (9 pages, 8049391 bytes).
PDF statistics:
 208 PDF objects out of 1000 (max. 8388607)
 43 named destinations out of 1000 (max. 500000)
 212 words of extra memory for PDF output out of 10000 (max. 10000000)

